Remove Pin=IC1-1 From Net=USB_5V
Remove Pin=IC1-6 From Net=D-
Remove Pin=IC1-7 From Net=D+
Remove Pin=J1-1 From Net=USB_5V_IN
Remove Pin=J1-2 From Net=D-
Remove Pin=J1-3 From Net=D+
Remove Pin=J1-6 From Net=SHIELD
Remove Pin=J1-7 From Net=SHIELD
Remove Pin=J1-8 From Net=SHIELD
Remove Pin=J1-9 From Net=SHIELD
Remove Pin=R61-2 From Net=USB_5V
Remove Pin=R62-1 From Net=USBDP
Remove Pin=R65-1 From Net=USBDM
Remove Pin=U1A-11 From Net=/XRS
Remove Pin=U14-15 From Net=USBDP
Remove Pin=U14-16 From Net=USBDM
Remove Pin=U14-19 From Net=RESET
Remove Pin=U19A-3 From Net=3.3V
Remove Pin=U19B-6 From Net=0.19V
Remove Pin=U21A-3 From Net=3.3V
Remove Pin=U21B-6 From Net=1.5625V
